Performing C SOURCE FILE Test CMAKE_HAVE_LIBC_PTHREAD failed with the following output:
Change Dir: /home/pi/boat/build/CMakeFiles/CMakeTmp

Run Build Command(s):/usr/bin/make cmTC_5c9b5/fast && /usr/bin/make -f CMakeFiles/cmTC_5c9b5.dir/build.make CMakeFiles/cmTC_5c9b5.dir/build
make[1]: Entering directory '/home/pi/boat/build/CMakeFiles/CMakeTmp'
Building C object CMakeFiles/cmTC_5c9b5.dir/src.c.o
/usr/bin/cc   -std=gnu99 -Wno-format-zero-length -DCMAKE_HAVE_LIBC_PTHREAD   -o CMakeFiles/cmTC_5c9b5.dir/src.c.o   -c /home/pi/boat/build/CMakeFiles/CMakeTmp/src.c
Linking C executable cmTC_5c9b5
/usr/bin/cmake -E cmake_link_script CMakeFiles/cmTC_5c9b5.dir/link.txt --verbose=1
/usr/bin/cc  -std=gnu99 -Wno-format-zero-length -DCMAKE_HAVE_LIBC_PTHREAD    -rdynamic CMakeFiles/cmTC_5c9b5.dir/src.c.o  -o cmTC_5c9b5 
/usr/bin/ld: CMakeFiles/cmTC_5c9b5.dir/src.c.o: in function `main':
src.c:(.text+0x3f): undefined reference to `pthread_create'
/usr/bin/ld: src.c:(.text+0x4e): undefined reference to `pthread_detach'
/usr/bin/ld: src.c:(.text+0x5f): undefined reference to `pthread_join'
collect2: error: ld returned 1 exit status
make[1]: *** [CMakeFiles/cmTC_5c9b5.dir/build.make:87: cmTC_5c9b5] Error 1
make[1]: Leaving directory '/home/pi/boat/build/CMakeFiles/CMakeTmp'
make: *** [Makefile:121: cmTC_5c9b5/fast] Error 2


Source file was:
#include <pthread.h>

void* test_func(void* data)
{
  return data;
}

int main(void)
{
  pthread_t thread;
  pthread_create(&thread, NULL, test_func, NULL);
  pthread_detach(thread);
  pthread_join(thread, NULL);
  pthread_atfork(NULL, NULL, NULL);
  pthread_exit(NULL);

  return 0;
}

Determining if the function pthread_create exists in the pthreads failed with the following output:
Change Dir: /home/pi/boat/build/CMakeFiles/CMakeTmp

Run Build Command(s):/usr/bin/make cmTC_53dcb/fast && /usr/bin/make -f CMakeFiles/cmTC_53dcb.dir/build.make CMakeFiles/cmTC_53dcb.dir/build
make[1]: Entering directory '/home/pi/boat/build/CMakeFiles/CMakeTmp'
Building C object CMakeFiles/cmTC_53dcb.dir/CheckFunctionExists.c.o
/usr/bin/cc   -std=gnu99 -Wno-format-zero-length -DCHECK_FUNCTION_EXISTS=pthread_create   -o CMakeFiles/cmTC_53dcb.dir/CheckFunctionExists.c.o   -c /usr/share/cmake-3.16/Modules/CheckFunctionExists.c
Linking C executable cmTC_53dcb
/usr/bin/cmake -E cmake_link_script CMakeFiles/cmTC_53dcb.dir/link.txt --verbose=1
/usr/bin/cc  -std=gnu99 -Wno-format-zero-length -DCHECK_FUNCTION_EXISTS=pthread_create    -rdynamic CMakeFiles/cmTC_53dcb.dir/CheckFunctionExists.c.o  -o cmTC_53dcb  -lpthreads 
/usr/bin/ld: cannot find -lpthreads
collect2: error: ld returned 1 exit status
make[1]: *** [CMakeFiles/cmTC_53dcb.dir/build.make:87: cmTC_53dcb] Error 1
make[1]: Leaving directory '/home/pi/boat/build/CMakeFiles/CMakeTmp'
make: *** [Makefile:121: cmTC_53dcb/fast] Error 2



